<?xml version="1.0" encoding="UTF-8"?>
<!-- Generated by org.testng.reporters.JUnitXMLReporter -->
<testsuite ignored="0" hostname="DESKTOP-SHIVAM" failures="0" tests="3" name="Login Tests" time="37.908" errors="0" timestamp="2025-05-21T22:24:00 IST">
  <testcase classname="com.login.automation.tests.LoginTest" name="testSuccessfulLogin" time="2.233"/>
  <testcase classname="com.login.automation.tests.LoginTest" name="testInvalidUsername" time="1.169"/>
  <testcase classname="com.login.automation.tests.LoginTest" name="testInvalidPassword" time="0.77"/>
</testsuite> <!-- Login Tests -->
