<?xml version="1.0" encoding="UTF-8"?>
<testsuite xmlns:xsi="http://www.w3.org/2001/XMLSchema-instance" xsi:noNamespaceSchemaLocation="https://maven.apache.org/surefire/maven-surefire-plugin/xsd/surefire-test-report.xsd" name="TestSuite" time="39.282" tests="3" errors="0" skipped="0" failures="0">
  <properties>
[...]
</properties>
  <testcase name="testSuccessfulLogin" classname="com.login.automation.tests.LoginTest" time="2.234"/>
  <testcase name="testInvalidUsername" classname="com.login.automation.tests.LoginTest" time="1.167"/>
  <testcase name="testInvalidPassword" classname="com.login.automation.tests.LoginTest" time="0.765"/>
</testsuite>