<?xml version="1.0" encoding="UTF-8"?>
<testng-results ignored="0" total="3" passed="3" failed="0" skipped="0">
  <reporter-output>
  </reporter-output>
  <suite started-at="2025-05-21T22:23:22 IST" name="Login Automation Test Suite" finished-at="2025-05-21T22:24:00 IST" duration-ms="37908">
    <groups>
    </groups>
    <test started-at="2025-05-21T22:23:22 IST" name="Login Tests" finished-at="2025-05-21T22:24:00 IST" duration-ms="37908">
      <class name="com.login.automation.tests.LoginTest">
        <test-method is-config="true" signature="setUp()[pri:0, instance:com.login.automation.tests.LoginTest@272ed83b]" started-at="2025-05-21T22:23:22 IST" name="setUp" finished-at="2025-05-21T22:23:37 IST" duration-ms="15308" status="PASS">
          <reporter-output>
          </reporter-output>
        </test-method> <!-- setUp -->
        <test-method signature="testSuccessfulLogin()[pri:1, instance:com.login.automation.tests.LoginTest@272ed83b]" started-at="2025-05-21T22:23:37 IST" name="testSuccessfulLogin" description="Test successful login with valid credentials" finished-at="2025-05-21T22:23:39 IST" duration-ms="2233" status="PASS">
          <reporter-output>
          </reporter-output>
        </test-method> <!-- testSuccessfulLogin -->
        <test-method is-config="true" signature="tearDown(org.testng.ITestResult)[pri:0, instance:com.login.automation.tests.LoginTest@272ed83b]" started-at="2025-05-21T22:23:39 IST" name="tearDown" finished-at="2025-05-21T22:23:40 IST" duration-ms="311" status="PASS">
          <params>
            <param index="0">
              <value>
                <![CDATA[[TestResult name=testSuccessfulLogin status=SUCCESS method=LoginTest.testSuccessfulLogin()[pri:1, instance:com.login.automation.tests.LoginTest@272ed83b] output={null}]]]>
              </value>
            </param>
          </params>
          <reporter-output>
          </reporter-output>
        </test-method> <!-- tearDown -->
        <test-method is-config="true" signature="setUp()[pri:0, instance:com.login.automation.tests.LoginTest@272ed83b]" started-at="2025-05-21T22:23:40 IST" name="setUp" finished-at="2025-05-21T22:23:48 IST" duration-ms="8265" status="PASS">
          <reporter-output>
          </reporter-output>
        </test-method> <!-- setUp -->
        <test-method signature="testInvalidUsername()[pri:2, instance:com.login.automation.tests.LoginTest@272ed83b]" started-at="2025-05-21T22:23:48 IST" name="testInvalidUsername" description="Test login with invalid username" finished-at="2025-05-21T22:23:49 IST" duration-ms="1169" status="PASS">
          <reporter-output>
          </reporter-output>
        </test-method> <!-- testInvalidUsername -->
        <test-method is-config="true" signature="tearDown(org.testng.ITestResult)[pri:0, instance:com.login.automation.tests.LoginTest@272ed83b]" started-at="2025-05-21T22:23:49 IST" name="tearDown" finished-at="2025-05-21T22:23:49 IST" duration-ms="213" status="PASS">
          <params>
            <param index="0">
              <value>
                <![CDATA[[TestResult name=testInvalidUsername status=SUCCESS method=LoginTest.testInvalidUsername()[pri:2, instance:com.login.automation.tests.LoginTest@272ed83b] output={null}]]]>
              </value>
            </param>
          </params>
          <reporter-output>
          </reporter-output>
        </test-method> <!-- tearDown -->
        <test-method is-config="true" signature="setUp()[pri:0, instance:com.login.automation.tests.LoginTest@272ed83b]" started-at="2025-05-21T22:23:49 IST" name="setUp" finished-at="2025-05-21T22:23:59 IST" duration-ms="9262" status="PASS">
          <reporter-output>
          </reporter-output>
        </test-method> <!-- setUp -->
        <test-method signature="testInvalidPassword()[pri:3, instance:com.login.automation.tests.LoginTest@272ed83b]" started-at="2025-05-21T22:23:59 IST" name="testInvalidPassword" description="Test login with invalid password" finished-at="2025-05-21T22:23:59 IST" duration-ms="770" status="PASS">
          <reporter-output>
          </reporter-output>
        </test-method> <!-- testInvalidPassword -->
        <test-method is-config="true" signature="tearDown(org.testng.ITestResult)[pri:0, instance:com.login.automation.tests.LoginTest@272ed83b]" started-at="2025-05-21T22:23:59 IST" name="tearDown" finished-at="2025-05-21T22:24:00 IST" duration-ms="258" status="PASS">
          <params>
            <param index="0">
              <value>
                <![CDATA[[TestResult name=testInvalidPassword status=SUCCESS method=LoginTest.testInvalidPassword()[pri:3, instance:com.login.automation.tests.LoginTest@272ed83b] output={null}]]]>
              </value>
            </param>
          </params>
          <reporter-output>
          </reporter-output>
        </test-method> <!-- tearDown -->
      </class> <!-- com.login.automation.tests.LoginTest -->
    </test> <!-- Login Tests -->
  </suite> <!-- Login Automation Test Suite -->
</testng-results>
